TN:
SF:packages/alp-hello-react-example/src/tamagui.config.ts
FNF:0
FNH:0
LF:0
LH:0
BRF:0
BRH:0
end_of_record
TN:
SF:packages/alp-hello-react-example/src/sections/hello-world/HomeView.tsx
FN:14,HelloWorld
FN:25,HomeView
FN:26,(anonymous_2)
FN:31,(anonymous_3)
FNF:4
FNH:4
FNDA:3,HelloWorld
FNDA:3,HomeView
FNDA:2,(anonymous_2)
FNDA:1,(anonymous_3)
DA:12,1
DA:15,3
DA:18,1
DA:26,3
DA:27,2
DA:29,3
DA:31,3
DA:32,1
DA:33,1
DA:34,1
DA:48,3
DA:49,3
LF:12
LH:12
BRDA:33,0,0,0
BRDA:33,0,1,1
BRDA:53,1,0,3
BRDA:53,1,1,2
BRF:4
BRH:3
end_of_record
TN:
SF:packages/alp-hello-react-example/src/sections/hello-world/components/ClickToThrow.tsx
FN:7,ClickToThrow
FN:12,(anonymous_1)
FN:20,(anonymous_2)
FNF:3
FNH:1
FNDA:3,ClickToThrow
FNDA:0,(anonymous_1)
FNDA:0,(anonymous_2)
DA:5,1
DA:8,3
DA:13,0
DA:21,0
LF:4
LH:2
BRF:0
BRH:0
end_of_record
TN:
SF:packages/alp-hello-react-example/src/sections/hello-world/components/Counter.tsx
FN:8,Counter
FN:15,(anonymous_1)
FNF:2
FNH:1
FNDA:3,Counter
FNDA:0,(anonymous_1)
DA:6,1
DA:9,3
DA:10,3
DA:16,0
DA:17,0
LF:5
LH:3
BRF:0
BRH:0
end_of_record
TN:
SF:packages/alp-hello-react-example/src/sections/hello-world/components/HelloComponent.tsx
FN:11,HelloComponent
FNF:1
FNH:1
FNDA:3,HelloComponent
DA:15,3
LF:1
LH:1
BRDA:22,0,0,3
BRDA:22,0,1,2
BRF:2
BRH:2
end_of_record
TN:
SF:packages/alp-hello-react-example/src/sections/hello-world/components/InputNameComponent.tsx
FN:10,InputNameComponent
FN:23,(anonymous_1)
FNF:2
FNH:2
FNDA:3,InputNameComponent
FNDA:1,(anonymous_1)
DA:14,3
DA:16,3
DA:24,1
DA:25,1
LF:4
LH:4
BRF:0
BRH:0
end_of_record
TN:
SF:packages/alp-hello-react-example/src/sections/hello-world/components/ToggleTheme.tsx
FN:5,(anonymous_0)
FNF:1
FNH:1
FNDA:5,(anonymous_0)
DA:5,1
DA:6,5
DA:7,5
DA:9,5
LF:4
LH:4
BRDA:10,0,0,2
BRDA:10,0,1,3
BRDA:11,1,0,2
BRDA:11,1,1,3
BRDA:13,2,0,3
BRDA:13,2,1,3
BRF:6
BRH:6
end_of_record
TN:
SF:packages/alp-params/src/ParamValidator.ts
FN:11,(anonymous_0)
FN:15,(anonymous_1)
FN:23,(anonymous_2)
FN:27,(anonymous_3)
FN:31,(anonymous_4)
FN:35,(anonymous_5)
FNF:6
FNH:6
FNDA:4,(anonymous_0)
FNDA:2,(anonymous_1)
FNDA:4,(anonymous_2)
FNDA:4,(anonymous_3)
FNDA:4,(anonymous_4)
FNDA:2,(anonymous_5)
DA:12,4
DA:16,2
DA:17,2
DA:20,2
DA:24,4
DA:28,4
DA:32,4
DA:36,2
LF:8
LH:8
BRDA:16,0,0,2
BRDA:16,0,1,0
BRF:2
BRH:1
end_of_record
TN:
SF:packages/alp-params/src/ParamValueStringValidator.ts
FN:6,(anonymous_0)
FNF:1
FNH:1
FNDA:2,(anonymous_0)
DA:7,2
DA:8,1
DA:11,2
LF:3
LH:3
BRDA:7,0,0,1
BRDA:7,0,1,1
BRDA:7,1,0,2
BRDA:7,1,1,2
BRF:4
BRH:4
end_of_record
TN:
SF:packages/alp-params/src/ParamValueValidator.ts
FN:10,(anonymous_0)
FN:16,(anonymous_1)
FNF:2
FNH:2
FNDA:2,(anonymous_0)
FNDA:1,(anonymous_1)
DA:11,2
DA:12,2
DA:13,2
DA:17,1
LF:4
LH:4
BRF:0
BRH:0
end_of_record
